$ cargo fmt --all -- --check
(cwd=C:/ascent, RUST_BACKTRACE=1, ASCENT_TEST_TIME_MULTIPLIER=3, CARGO_TARGET_DIR=C:/tmp/ascent-baseline-target)

Diff in \\?\C:\ascent\crates\ascent-cli\src\operator.rs:1556:
     identity_dir: &Path,
     passphrase: &mut KeystorePassphraseCache,
 ) -> CliResult<(IdentityFile, bool)> {
[31m-    let (identity, secret) =
[0m[31m-        read_secret_borsh(&identity_dir.join(IDENTITY_FILE), passphrase)?;
[0m[32m+    let (identity, secret) = read_secret_borsh(&identity_dir.join(IDENTITY_FILE), passphrase)?;
[0m     Ok((identity, secret.encrypted))
 }
 
Diff in \\?\C:\ascent\crates\ascent-cli\src\operator.rs:1628:
     public_key: PublicKey,
     passphrase: &mut KeystorePassphraseCache,
 ) -> CliResult<(DkgPrivateState, bool)> {
[31m-    let (state, secret) = read_secret_borsh::<DkgPrivateState>(
[0m[31m-        &dkg_private_state_path(dir, public_key),
[0m[31m-        passphrase,
[0m[31m-    )?;
[0m[32m+    let (state, secret) =
[0m[32m+        read_secret_borsh::<DkgPrivateState>(&dkg_private_state_path(dir, public_key), passphrase)?;
[0m     if state.schema != DKG_PRIVATE_SCHEMA || state.public_key != public_key {
         return Err(invalid_data("DKG private state mismatch").into());
     }
Diff in \\?\C:\ascent\crates\ascent-cli\src\operator.rs:3194:
 ) -> CliResult<PathBuf> {
     let mut plaintext = Zeroizing::new(borsh::to_vec(value)?);
     let written = if encrypt {
[31m-        let encrypted = write_encrypted_artifact(path, plaintext.as_slice(), passphrase.passphrase()?)?;
[0m[32m+        let encrypted =
[0m[32m+            write_encrypted_artifact(path, plaintext.as_slice(), passphrase.passphrase()?)?;
[0m         remove_secret_file_if_present(path)?;
         sync_parent_directory(path)?;
         encrypted
Diff in \\?\C:\ascent\crates\ascent-crypto\tests\x25519_rejection.rs:6:
 const LOW_ORDER_PUBLIC_KEYS: [[u8; 32]; 7] = [
     [0; 32],
     [
[31m-        0x01, 0x00, 0x00, 0x00, 0x00, 0x00, 0x00, 0x00, 0x00, 0x00, 0x00, 0x00,
[0m[31m-        0x00, 0x00, 0x00, 0x00, 0x00, 0x00, 0x00, 0x00, 0x00, 0x00, 0x00, 0x00,
[0m[31m-        0x00, 0x00, 0x00, 0x00, 0x00, 0x00, 0x00, 0x00,
[0m[32m+        0x01, 0x00, 0x00, 0x00, 0x00, 0x00, 0x00, 0x00, 0x00, 0x00, 0x00, 0x00, 0x00, 0x00, 0x00,
[0m[32m+        0x00, 0x00, 0x00, 0x00, 0x00, 0x00, 0x00, 0x00, 0x00, 0x00, 0x00, 0x00, 0x00, 0x00, 0x00,
[0m[32m+        0x00, 0x00,
[0m     ],
     [
[31m-        0xe0, 0xeb, 0x7a, 0x7c, 0x3b, 0x41, 0xb8, 0xae, 0x16, 0x56, 0xe3, 0xfa,
[0m[31m-        0xf1, 0x9f, 0xc4, 0x6a, 0xda, 0x09, 0x8d, 0xeb, 0x9c, 0x32, 0xb1, 0xfd,
[0m[31m-        0x86, 0x62, 0x05, 0x16, 0x5f, 0x49, 0xb8, 0x00,
[0m[32m+        0xe0, 0xeb, 0x7a, 0x7c, 0x3b, 0x41, 0xb8, 0xae, 0x16, 0x56, 0xe3, 0xfa, 0xf1, 0x9f, 0xc4,
[0m[32m+        0x6a, 0xda, 0x09, 0x8d, 0xeb, 0x9c, 0x32, 0xb1, 0xfd, 0x86, 0x62, 0x05, 0x16, 0x5f, 0x49,
[0m[32m+        0xb8, 0x00,
[0m     ],
     [
[31m-        0x5f, 0x9c, 0x95, 0xbc, 0xa3, 0x50, 0x8c, 0x24, 0xb1, 0xd0, 0xb1, 0x55,
[0m[31m-        0x9c, 0x83, 0xef, 0x5b, 0x04, 0x44, 0x5c, 0xc4, 0x58, 0x1c, 0x8e, 0x86,
[0m[31m-        0xd8, 0x22, 0x4e, 0xdd, 0xd0, 0x9f, 0x11, 0x57,
[0m[32m+        0x5f, 0x9c, 0x95, 0xbc, 0xa3, 0x50, 0x8c, 0x24, 0xb1, 0xd0, 0xb1, 0x55, 0x9c, 0x83, 0xef,
[0m[32m+        0x5b, 0x04, 0x44, 0x5c, 0xc4, 0x58, 0x1c, 0x8e, 0x86, 0xd8, 0x22, 0x4e, 0xdd, 0xd0, 0x9f,
[0m[32m+        0x11, 0x57,
[0m     ],
     [
[31m-        0xec, 0xff, 0xff, 0xff, 0xff, 0xff, 0xff, 0xff, 0xff, 0xff, 0xff, 0xff,
[0m[31m-        0xff, 0xff, 0xff, 0xff, 0xff, 0xff, 0xff, 0xff, 0xff, 0xff, 0xff, 0xff,
[0m[31m-        0xff, 0xff, 0xff, 0xff, 0xff, 0xff, 0xff, 0x7f,
[0m[32m+        0xec, 0xff, 0xff, 0xff, 0xff, 0xff, 0xff, 0xff, 0xff, 0xff, 0xff, 0xff, 0xff, 0xff, 0xff,
[0m[32m+        0xff, 0xff, 0xff, 0xff, 0xff, 0xff, 0xff, 0xff, 0xff, 0xff, 0xff, 0xff, 0xff, 0xff, 0xff,
[0m[32m+        0xff, 0x7f,
[0m     ],
     [
[31m-        0xed, 0xff, 0xff, 0xff, 0xff, 0xff, 0xff, 0xff, 0xff, 0xff, 0xff, 0xff,
[0m[31m-        0xff, 0xff, 0xff, 0xff, 0xff, 0xff, 0xff, 0xff, 0xff, 0xff, 0xff, 0xff,
[0m[31m-        0xff, 0xff, 0xff, 0xff, 0xff, 0xff, 0xff, 0x7f,
[0m[32m+        0xed, 0xff, 0xff, 0xff, 0xff, 0xff, 0xff, 0xff, 0xff, 0xff, 0xff, 0xff, 0xff, 0xff, 0xff,
[0m[32m+        0xff, 0xff, 0xff, 0xff, 0xff, 0xff, 0xff, 0xff, 0xff, 0xff, 0xff, 0xff, 0xff, 0xff, 0xff,
[0m[32m+        0xff, 0x7f,
[0m     ],
     [
[31m-        0xee, 0xff, 0xff, 0xff, 0xff, 0xff, 0xff, 0xff, 0xff, 0xff, 0xff, 0xff,
[0m[31m-        0xff, 0xff, 0xff, 0xff, 0xff, 0xff, 0xff, 0xff, 0xff, 0xff, 0xff, 0xff,
[0m[31m-        0xff, 0xff, 0xff, 0xff, 0xff, 0xff, 0xff, 0x7f,
[0m[32m+        0xee, 0xff, 0xff, 0xff, 0xff, 0xff, 0xff, 0xff, 0xff, 0xff, 0xff, 0xff, 0xff, 0xff, 0xff,
[0m[32m+        0xff, 0xff, 0xff, 0xff, 0xff, 0xff, 0xff, 0xff, 0xff, 0xff, 0xff, 0xff, 0xff, 0xff, 0xff,
[0m[32m+        0xff, 0x7f,
[0m     ],
 ];
 

[exit code: 1] [wall time: 12.1s]
