$ cargo clippy --workspace --all-targets -- -D warnings
(cwd=C:/ascent, RUST_BACKTRACE=1, ASCENT_TEST_TIME_MULTIPLIER=3, CARGO_TARGET_DIR=C:/tmp/ascent-baseline-target)

    Checking cfg-if v1.0.4
   Compiling proc-macro2 v1.0.106
   Compiling unicode-ident v1.0.24
   Compiling quote v1.0.46
   Compiling version_check v0.9.5
    Checking typenum v1.20.1
   Compiling find-msvc-tools v0.1.9
    Checking subtle v2.6.1
   Compiling shlex v2.0.1
    Checking windows-link v0.2.1
   Compiling zerocopy v0.8.52
   Compiling cfg_aliases v0.2.1
   Compiling serde_core v1.0.228
   Compiling radium v0.7.0
    Checking cpufeatures v0.2.17
    Checking cpufeatures v0.3.0
   Compiling thiserror v2.0.18
    Checking tap v1.0.1
    Checking funty v2.0.0
   Compiling semver v1.0.28
   Compiling serde v1.0.228
   Compiling equivalent v1.0.2
   Compiling winnow v1.0.3
   Compiling hashbrown v0.17.1
   Compiling glob v0.3.3
   Compiling toml_datetime v1.1.1+spec-1.1.0
    Checking once_cell v1.21.4
    Checking num_cpus v1.17.0
    Checking signature v2.2.0
    Checking arrayref v0.3.9
    Checking opaque-debug v0.3.1
    Checking getrandom v0.2.17
    Checking windows-sys v0.61.2
    Checking arrayvec v0.7.8
    Checking constant_time_eq v0.4.2
    Checking byte-slice-cast v1.2.3
    Checking rand_core v0.10.1
    Checking threadpool v1.8.1
   Compiling getrandom v0.4.3
    Checking wyz v0.5.1
    Checking pin-project-lite v0.2.17
   Compiling borsh v1.7.0
    Checking bytes v1.12.0
    Checking itoa v1.0.18
    Checking rand_core v0.6.4
    Checking log v0.4.33
   Compiling parking_lot_core v0.9.12
    Checking tracing-core v0.1.36
    Checking ed25519 v2.2.3
    Checking smallvec v1.15.2
    Checking futures-core v0.3.32
    Checking scopeguard v1.2.0
    Checking untrusted v0.9.0
    Checking slab v0.4.12
   Compiling generic-array v0.14.7
   Compiling rustc_version v0.4.1
   Compiling httparse v1.10.1
   Compiling rustls v0.23.41
    Checking tower-service v0.3.3
   Compiling getrandom v0.3.4
    Checking lock_api v0.4.14
   Compiling libc v0.2.186
   Compiling zmij v1.0.21
   Compiling cc v1.2.66
    Checking rand_xorshift v0.3.0
    Checking futures-channel v0.3.32
    Checking chacha20 v0.10.1
   Compiling quinn-udp v0.5.15
    Checking time-core v0.1.9
    Checking sync_wrapper v1.0.2
    Checking tower-layer v0.3.3
    Checking deranged v0.5.8
    Checking atomic-waker v1.1.2
    Checking futures-task v0.3.32
    Checking num-conv v0.2.2
   Compiling serde_json v1.0.150
   Compiling curve25519-dalek v4.1.3
   Compiling indexmap v2.14.0
    Checking httpdate v1.0.3
    Checking percent-encoding v2.3.2
    Checking tinyvec_macros v0.1.1
    Checking http v1.4.2
    Checking powerfmt v0.2.0
    Checking rand_pcg v0.10.2
   Compiling quinn v0.11.11
    Checking mime v0.3.17
    Checking base64 v0.22.1
    Checking lazy_static v1.5.0
    Checking rand v0.10.2
    Checking rustc-hash v2.1.3
    Checking lru-slab v0.1.2
    Checking futures-util v0.3.32
    Checking bitvec v1.1.1
    Checking tinyvec v1.11.0
    Checking ryu v1.0.23
    Checking memchr v2.8.2
    Checking sharded-slab v0.1.7
    Checking form_urlencoded v1.2.2
    Checking tracing-log v0.2.0
    Checking thread_local v1.1.9
    Checking matchit v0.8.4
   Compiling autocfg v1.5.1
    Checking fastrand v2.4.1
    Checking rand_core v0.9.5
    Checking fnv v1.0.7
    Checking parking_lot v0.12.5
    Checking bit-vec v0.8.0
   Compiling toml_parser v1.1.2+spec-1.1.0
    Checking wait-timeout v0.2.1
    Checking quick-error v1.2.3
    Checking regex-syntax v0.8.11
   Compiling windows_x86_64_msvc v0.52.6
    Checking bitflags v2.13.0
    Checking base64ct v1.8.3
    Checking unarray v0.1.4
    Checking utf8parse v0.2.2
    Checking once_cell_polyfill v1.70.2
    Checking pem v3.0.6
    Checking rand v0.9.4
    Checking rand_xorshift v0.4.0
    Checking bit-set v0.8.0
    Checking anstyle v1.0.14
    Checking is_terminal_polyfill v1.70.2
    Checking colorchoice v1.0.5
    Checking anstyle-parse v1.0.0
   Compiling heck v0.5.0
    Checking clap_lex v1.1.0
    Checking strsim v0.11.1
    Checking hex v0.4.3
    Checking crypto-common v0.1.7
    Checking block-buffer v0.10.4
    Checking inout v0.1.4
   Compiling syn v2.0.118
    Checking windows-targets v0.52.6
   Compiling num-traits v0.2.19
    Checking password-hash v0.5.0
    Checking universal-hash v0.5.1
    Checking aead v0.5.2
    Checking digest v0.10.7
    Checking windows-sys v0.59.0
    Checking time v0.3.53
    Checking poly1305 v0.8.0
   Compiling blake3 v1.8.5
   Compiling blst v0.3.16
   Compiling ring v0.17.14
    Checking http-body v1.0.1
   Compiling toml_edit v0.25.12+spec-1.1.0
    Checking hmac v0.12.1
    Checking sha2 v0.10.9
    Checking http-body-util v0.1.3
    Checking pbkdf2 v0.12.2
    Checking socket2 v0.6.4
    Checking mio v1.2.1
    Checking nu-ansi-term v0.50.3
    Checking tempfile v3.27.0
    Checking anstyle-wincon v3.0.11
    Checking anstyle-query v1.1.5
    Checking anstream v1.0.0
   Compiling proc-macro-crate v3.5.0
    Checking yasna v0.5.2
    Checking rusty-fork v0.3.1
    Checking tracing-subscriber v0.3.23
    Checking clap_builder v4.6.0
    Checking serde_path_to_error v0.1.20
    Checking rtoolbox v0.0.5
    Checking rpassword v7.5.4
    Checking ff v0.13.1
    Checking ppv-lite86 v0.2.21
    Checking rand_chacha v0.3.1
    Checking rand_chacha v0.9.0
    Checking proptest v1.11.0
    Checking rand v0.8.6
    Checking group v0.13.0
   Compiling zeroize_derive v1.5.0
   Compiling thiserror-impl v2.0.18
   Compiling serde_derive v1.0.228
   Compiling curve25519-dalek-derive v0.1.1
   Compiling borsh-derive v1.7.0
   Compiling tracing-attributes v0.1.31
   Compiling tokio-macros v2.7.0
   Compiling clap_derive v4.6.1
    Checking pairing v0.23.0
    Checking zeroize v1.9.0
    Checking tokio v1.52.3
    Checking cipher v0.4.4
    Checking rustls-pki-types v1.15.0
    Checking tracing v0.1.44
    Checking chacha20 v0.9.1
    Checking salsa20 v0.10.2
    Checking scrypt v0.11.0
    Checking ascent-vm v0.1.0 (C:\ascent\crates\ascent-vm)
    Checking rustls-webpki v0.103.13
    Checking rcgen v0.13.2
    Checking webpki-roots v1.0.8
    Checking chacha20poly1305 v0.10.1
    Checking axum-core v0.5.6
    Checking clap v4.6.1
    Checking ed25519-dalek v2.2.0
    Checking blstrs v0.7.1
    Checking serde_urlencoded v0.7.1
    Checking ascent-crypto v0.1.0 (C:\ascent\crates\ascent-crypto)
error: this function has a `#[must_use]` attribute with no message, but returns a type already marked as `#[must_use]`
   --> crates\ascent-crypto\src\lib.rs:507:1
    |
507 | / pub fn dkg_x25519_shared_secret(
508 | |     secret: [u8; 32],
509 | |     peer_public: [u8; 32],
510 | | ) -> Result<[u8; 32], DkgCryptoError> {
    | |_____________________________________^
    |
    = help: either add some descriptive message or remove the attribute
    = help: for further information visit https://rust-lang.github.io/rust-clippy/rust-1.96.0/index.html#double_must_use
    = note: `-D clippy::double-must-use` implied by `-D warnings`
    = help: to override `-D warnings` add `#[allow(clippy::double_must_use)]`

error: could not compile `ascent-crypto` (lib) due to 1 previous error
warning: build failed, waiting for other jobs to finish...
error: could not compile `ascent-crypto` (lib test) due to 1 previous error

[exit code: 101] [wall time: 25.3s]
